<?xml version="1.0" encoding="UTF-8"?>
<!-- Generated by org.testng.reporters.JUnitReportReporter -->
<testsuite hostname="LAPTOP-SHILPA" failures="0" tests="1" name="com.sde.TC_Login" time="8.855" errors="0" timestamp="24 Aug 2022 23:49:19 GMT" skipped="0">
  <testcase classname="com.sde.TC_Login" name="login_Test" time="8.855"/>
</testsuite> <!-- com.sde.TC_Login -->
