<?xml version="1.0" encoding="UTF-8"?>
<!-- Generated by org.testng.reporters.JUnitReportReporter -->
<testsuite hostname="LAPTOP-SHILPA" failures="0" tests="2" name="com.sde.AppTest" time="0.013" errors="0" timestamp="2022-08-20T21:08:38 EDT" skipped="0">
  <testcase classname="com.sde.AppTest" name="testLogin1" time="0.012"/>
  <system-out/>
  <testcase classname="com.sde.AppTest" name="testLogin2" time="0.001"/>
  <system-out/>
</testsuite> <!-- com.sde.AppTest -->
